[2026-07-09T18:17:02.199+0000] {manager.py:483} INFO - Processing files using up to 2 processes at a time 
[2026-07-09T18:17:02.200+0000] {manager.py:484} INFO - Process each file at most once every 30 seconds
[2026-07-09T18:17:02.200+0000] {manager.py:485} INFO - Checking for new files in /opt/airflow/dags every 300 seconds
[2026-07-09T18:17:02.201+0000] {manager.py:821} INFO - Searching for files in /opt/airflow/dags
[2026-07-09T18:17:02.203+0000] {manager.py:824} INFO - There are 0 files in /opt/airflow/dags
[2026-07-09T18:22:02.725+0000] {manager.py:821} INFO - Searching for files in /opt/airflow/dags
[2026-07-09T18:22:02.755+0000] {manager.py:824} INFO - There are 1 files in /opt/airflow/dags
[2026-07-09T18:22:04.684+0000] {manager.py:997} INFO - 
================================================================================
DAG File Processing Stats

File Path                          PID    Runtime      # DAGs    # Errors  Last Runtime    Last Run               Last # of DB Queries
---------------------------------  -----  ---------  --------  ----------  --------------  -------------------  ----------------------
/opt/airflow/dags/inep_etl_dag.py                           1           0  0.84s           2026-07-09T18:22:03                      45
================================================================================
[2026-07-09T18:22:35.184+0000] {manager.py:997} INFO - 
================================================================================
DAG File Processing Stats

File Path                          PID    Runtime      # DAGs    # Errors  Last Runtime    Last Run               Last # of DB Queries
---------------------------------  -----  ---------  --------  ----------  --------------  -------------------  ----------------------
/opt/airflow/dags/inep_etl_dag.py                           1           0  0.30s           2026-07-09T18:22:34                      12
================================================================================
[2026-07-09T18:23:05.639+0000] {manager.py:997} INFO - 
================================================================================
DAG File Processing Stats

File Path                          PID    Runtime      # DAGs    # Errors  Last Runtime    Last Run               Last # of DB Queries
---------------------------------  -----  ---------  --------  ----------  --------------  -------------------  ----------------------
/opt/airflow/dags/inep_etl_dag.py                           1           0  0.30s           2026-07-09T18:23:04                      12
================================================================================
[2026-07-09T18:23:36.115+0000] {manager.py:997} INFO - 
================================================================================
DAG File Processing Stats

File Path                          PID    Runtime      # DAGs    # Errors  Last Runtime    Last Run               Last # of DB Queries
---------------------------------  -----  ---------  --------  ----------  --------------  -------------------  ----------------------
/opt/airflow/dags/inep_etl_dag.py                           1           0  0.29s           2026-07-09T18:23:35                      12
================================================================================
[2026-07-09T18:24:06.535+0000] {manager.py:997} INFO - 
================================================================================
DAG File Processing Stats

File Path                          PID    Runtime      # DAGs    # Errors  Last Runtime    Last Run               Last # of DB Queries
---------------------------------  -----  ---------  --------  ----------  --------------  -------------------  ----------------------
/opt/airflow/dags/inep_etl_dag.py                           1           0  0.33s           2026-07-09T18:24:05                      12
================================================================================
[2026-07-09T18:24:37.066+0000] {manager.py:997} INFO - 
================================================================================
DAG File Processing Stats

File Path                          PID    Runtime      # DAGs    # Errors  Last Runtime    Last Run               Last # of DB Queries
---------------------------------  -----  ---------  --------  ----------  --------------  -------------------  ----------------------
/opt/airflow/dags/inep_etl_dag.py                           1           0  0.44s           2026-07-09T18:24:36                      12
================================================================================
[2026-07-09T18:25:07.582+0000] {manager.py:997} INFO - 
================================================================================
DAG File Processing Stats

File Path                          PID    Runtime      # DAGs    # Errors  Last Runtime    Last Run               Last # of DB Queries
---------------------------------  -----  ---------  --------  ----------  --------------  -------------------  ----------------------
/opt/airflow/dags/inep_etl_dag.py                           1           0  0.30s           2026-07-09T18:25:06                      12
================================================================================
[2026-07-09T18:25:37.951+0000] {manager.py:997} INFO - 
================================================================================
DAG File Processing Stats

File Path                          PID    Runtime      # DAGs    # Errors  Last Runtime    Last Run               Last # of DB Queries
---------------------------------  -----  ---------  --------  ----------  --------------  -------------------  ----------------------
/opt/airflow/dags/inep_etl_dag.py                           1           0  0.30s           2026-07-09T18:25:37                      12
================================================================================
[2026-07-09T18:26:08.055+0000] {manager.py:997} INFO - 
================================================================================
DAG File Processing Stats

File Path                          PID    Runtime      # DAGs    # Errors  Last Runtime    Last Run               Last # of DB Queries
---------------------------------  -----  ---------  --------  ----------  --------------  -------------------  ----------------------
/opt/airflow/dags/inep_etl_dag.py                           1           0  0.74s           2026-07-09T18:26:08                      12
================================================================================
[2026-07-09T18:26:08.380+0000] {manager.py:465} INFO - Exiting gracefully upon receiving signal 15
[2026-07-09T18:27:46.481+0000] {manager.py:483} INFO - Processing files using up to 2 processes at a time 
[2026-07-09T18:27:46.482+0000] {manager.py:484} INFO - Process each file at most once every 30 seconds
[2026-07-09T18:27:46.483+0000] {manager.py:485} INFO - Checking for new files in /opt/airflow/dags every 300 seconds
[2026-07-09T18:27:46.483+0000] {manager.py:821} INFO - Searching for files in /opt/airflow/dags
[2026-07-09T18:27:46.530+0000] {manager.py:824} INFO - There are 1 files in /opt/airflow/dags
[2026-07-09T18:27:46.793+0000] {manager.py:997} INFO - 
================================================================================
DAG File Processing Stats

File Path                            PID  Runtime      # DAGs    # Errors  Last Runtime    Last Run      Last # of DB Queries
---------------------------------  -----  ---------  --------  ----------  --------------  ----------  ----------------------
/opt/airflow/dags/inep_etl_dag.py    189  0.09s             0           0                                                   0
================================================================================
[2026-07-09T18:28:17.152+0000] {manager.py:997} INFO - 
================================================================================
DAG File Processing Stats

File Path                            PID  Runtime      # DAGs    # Errors  Last Runtime    Last Run               Last # of DB Queries
---------------------------------  -----  ---------  --------  ----------  --------------  -------------------  ----------------------
/opt/airflow/dags/inep_etl_dag.py    194  0.02s             1           0  0.40s           2026-07-09T18:27:47                      12
================================================================================
[2026-07-09T18:28:47.676+0000] {manager.py:997} INFO - 
================================================================================
DAG File Processing Stats

File Path                            PID  Runtime      # DAGs    # Errors  Last Runtime    Last Run               Last # of DB Queries
---------------------------------  -----  ---------  --------  ----------  --------------  -------------------  ----------------------
/opt/airflow/dags/inep_etl_dag.py    199  0.01s             1           0  0.42s           2026-07-09T18:28:17                      12
================================================================================
[2026-07-09T18:29:18.204+0000] {manager.py:997} INFO - 
================================================================================
DAG File Processing Stats

File Path                            PID  Runtime      # DAGs    # Errors  Last Runtime    Last Run               Last # of DB Queries
---------------------------------  -----  ---------  --------  ----------  --------------  -------------------  ----------------------
/opt/airflow/dags/inep_etl_dag.py    204  0.01s             1           0  0.43s           2026-07-09T18:28:48                      12
================================================================================
[2026-07-09T18:29:48.694+0000] {manager.py:997} INFO - 
================================================================================
DAG File Processing Stats

File Path                            PID  Runtime      # DAGs    # Errors  Last Runtime    Last Run               Last # of DB Queries
---------------------------------  -----  ---------  --------  ----------  --------------  -------------------  ----------------------
/opt/airflow/dags/inep_etl_dag.py    209  0.01s             1           0  0.32s           2026-07-09T18:29:18                      12
================================================================================
[2026-07-09T18:30:19.160+0000] {manager.py:997} INFO - 
================================================================================
DAG File Processing Stats

File Path                            PID  Runtime      # DAGs    # Errors  Last Runtime    Last Run               Last # of DB Queries
---------------------------------  -----  ---------  --------  ----------  --------------  -------------------  ----------------------
/opt/airflow/dags/inep_etl_dag.py    214  0.01s             1           0  0.29s           2026-07-09T18:29:48                      12
================================================================================
[2026-07-09T18:30:49.569+0000] {manager.py:997} INFO - 
================================================================================
DAG File Processing Stats

File Path                          PID    Runtime      # DAGs    # Errors  Last Runtime    Last Run               Last # of DB Queries
---------------------------------  -----  ---------  --------  ----------  --------------  -------------------  ----------------------
/opt/airflow/dags/inep_etl_dag.py                           1           0  0.43s           2026-07-09T18:30:19                      12
================================================================================
[2026-07-09T18:31:20.136+0000] {manager.py:997} INFO - 
================================================================================
DAG File Processing Stats

File Path                          PID    Runtime      # DAGs    # Errors  Last Runtime    Last Run               Last # of DB Queries
---------------------------------  -----  ---------  --------  ----------  --------------  -------------------  ----------------------
/opt/airflow/dags/inep_etl_dag.py                           1           0  0.31s           2026-07-09T18:30:50                      12
================================================================================
[2026-07-09T18:31:50.802+0000] {manager.py:997} INFO - 
================================================================================
DAG File Processing Stats

File Path                            PID  Runtime      # DAGs    # Errors  Last Runtime    Last Run               Last # of DB Queries
---------------------------------  -----  ---------  --------  ----------  --------------  -------------------  ----------------------
/opt/airflow/dags/inep_etl_dag.py    229  0.01s             1           0  0.30s           2026-07-09T18:31:20                      12
================================================================================
[2026-07-09T18:32:21.394+0000] {manager.py:997} INFO - 
================================================================================
DAG File Processing Stats

File Path                            PID  Runtime      # DAGs    # Errors  Last Runtime    Last Run               Last # of DB Queries
---------------------------------  -----  ---------  --------  ----------  --------------  -------------------  ----------------------
/opt/airflow/dags/inep_etl_dag.py    234  0.01s             1           0  0.32s           2026-07-09T18:31:51                      12
================================================================================
[2026-07-09T18:32:46.676+0000] {manager.py:821} INFO - Searching for files in /opt/airflow/dags
[2026-07-09T18:32:46.724+0000] {manager.py:824} INFO - There are 1 files in /opt/airflow/dags
[2026-07-09T18:32:51.839+0000] {manager.py:997} INFO - 
================================================================================
DAG File Processing Stats

File Path                            PID  Runtime      # DAGs    # Errors  Last Runtime    Last Run               Last # of DB Queries
---------------------------------  -----  ---------  --------  ----------  --------------  -------------------  ----------------------
/opt/airflow/dags/inep_etl_dag.py    239  0.01s             1           0  0.37s           2026-07-09T18:32:21                      12
================================================================================
[2026-07-09T18:33:11.242+0000] {manager.py:1291} WARNING - Skipping processing of missing file: /opt/airflow/dags/inep_etl_dag.py
